[    0.000000] Initializing cgroup subsys cpuset
[    0.000000] Initializing cgroup subsys cpu
[    0.000000] Initializing cgroup subsys cpuacct
[    0.000000] Linux version 4.4.0-112-generic (buildd@lgw01-amd64-010) (gcc version 5.4.0 20160609 (Ubuntu 5.4.0-6ubuntu1~16.04.5) ) #135-Ubuntu SMP Fri Jan 19 11:48:36 UTC 2018 (Ubuntu 4.4.0-112.135-geneic.498)
[    0.000000] Command line: BOOT_IMAGE=/boot/vmlinuz-4.4.0-1112-generic root=LABEL=cloudimg-rootfs ro console=tty1 console=ttyS0
[    0.000000] KERNEL supported cpus:
[    0.0000]  Itel GeinInel
  0.0000  MD AuthenticAMD
[    0.000000]   Centaur CentaurHauls
[    0.000000] x86/fpu: xstate_offset[2]:  576, xstate_sizes[2]:  256
[    0.000000] x86/fpu: Supporting XSAVE feature 0x01: 'x87 floating point registers'
[    0.000000] x86/fpu: Supporting XSAVE feature 0x02: 'SSE registers'
[    0.000000] x86/fpu: Supporting XSAVE feature 0x04: 'AVX registers'
[    0.000000] x86/fpu: Enabled xstate features 0x7, context size is 832 bytes, using 'standard' format.
[    0.000000] x86/fpu: Using 'lazy' FPU context switches.
[    0.000000] e820: BIOS-provided physical RAM map:
[    0.000000] BIOS-e820: [mem 0x0000000000000000-0x000000000009fbff] usable
[    0.000000] BIOS-e820: [mem 0x000000000009fc00-0x000000000009ffff] reserved
[    0.000000] BIOS-e820: [mem 0x00000000000f0000-0x00000000000fffff]rervd
[  .00000] BIOS-e820: [mem 0x0000000000100000-0x000000003ffeffff] usable
[    0.000000] BIOS-e820: [mem 0x000000003fff0000-0x000000003fffffff] ACPI data
[    0.000000] BIOS-e820: [mem 0x00000000fec00000-0x00000000fec00fff] reserved
[    0.000000] BIOS-e820: [mem 0x00000000fee00000-0x00000000fee00fff] reserved
[    0.000000] BIOS-e820: [mem 0x00000000fffc0000-0x00000000ffffffff] reserved
[    0.000000] NX (Execute Disable) protection: active
[    0.000000] SMBIOS 2.5 present.
[    0.000000] Hypervisor detected: KVM
[    0.000000] e820: last_pfn = 0x3fff0 max_arch_pfn = 0x400000000
[    0.000000] MTRR: Disabled
[    0.000000] x86/PAT: MTRRs disabled, skipping PAT initialization too.
[    0.000000] CPU MTRRs all blank - virtualized system.
[    0.000000] x86/PAT: Configuration [0-7]: WB  WT  UC- UC  WB  WT  UC- UC  
[    0.000000] found SMP MP-table at [mem 0x0009fff0-0x0009ffff] mapped at [ffff88000009fff0]
[    0.000000] Scanning 1 areas for low memory corruption
[    0.000000] RAMDISK: [mem 0x36adc000-0x37565fff]
[    0.000000] ACPI: Early table checksum verification disabled
[    0.000000] ACPI: RSDP 0x00000000000E0000 000024 (v02 VBOX  )
[    0.000000] ACPI: XSDT 0x000000003FFF0030 00003C (v01 VBOX   VBOXXSDT 00000001 ASL  00000061)
[    0.000000] ACPI: FACP 0x000000003FFF00F0 0000F4 (v04 VBOX   VBOXFACP 00000001 ASL  00000061)
[    0.000000] ACPI: DSDT 0x000000003FFF0470 0021FF (v02 VBOX   VBOXBIOS 00000002 INTL 20100528)
[    0.000000] ACPI: FACS 0x000000003FFF0200 000040
[    0.000000] ACPI: FACS 0x000000003FFF0200 000040
[    0.000000] ACPI: APIC 0x000000003FFF00 0005 (2 BOX  VOXPIC 00000001 ASL  00000061)
[    0.000000] ACPI: SSDT 0x000000003FFF02A0 0001CC (v01 VBOX   VBOXCPUT 00000002 INTL 20100528)
[    0.000000] No NUMA configuration found
[    0.000000] Faking a node at [mem 0x0000000000000000-0x000000003ffeffff]
[    0.000000] NODE_DATA(0) allocated [mem 0x3ffeb000-0x3ffeffff]
[    0.000000] kvm-clock: Using msrs 4b564d01 and 4b564d00
[    0.000000] kvm-clock: cpu 0, msr 0:3ffe3001, primary cpu clock
[    0.000000] kvm-clock: using sched offset of 3054497755 cycles
[    0.000000] clocksource: kvm-clock: mask: 0xffffffffffffffff max_cycles: 0x1cd42e4dffb, max_idle_ns: 881590591483 ns
[    0.000000] Zone ranges:
[    0.000000]   DMA      [mem 0x0000000000001000-0x0000000000ffffff]
[    0.000000]   DMA32    [mem 0x0000000001000000-0x000000003ffeffff]
[    0.000000]   Normal   empty
[    0.000000]   Device   empty
[    0.000000] Movable zone start for each node
[    0.000000] Early memory node ranges
[    0.000000]   node   0: [mem 0x0000000000001000-0x000000000009efff]
[    0.000000]   node   0: [mem 0x00000000001000000x00003ffefff
[    0.000000] Initmem setup node 0 [mem 0x0000000000001000-0x000000003ffeffff]
[    0.000000] ACPI: PM-Timer IO Port: 0x4008
[    0.000000] IOAPIC[0]: apic_id 2, version 32, address 0xfec00000, GSI 0-23
[    0.000000] ACPI: INT_SRC_OVR (bus 0 bus_irq 0 global_irq 2 dfl dfl)
[    0.000000] ACPI: INT_SRC_OVR (bus 0 bus_irq 9 global_irq 9 low lvel)[   0.000]UsingAC (ADT)foSMP coigatioinrmtion[   000000] smpboot: Allowing 2CPs, 0 hotpugCP
[   0.000000] PM: Rgierednovememoy:me 0x00000000-0x00000fff]
[    0.000000] PM: Registered nosave memory: [mem 0x0009f000-0x0009ffff]
[   0.000] P Risted saveemy:[mem 0000000-0x000effff]
[    0.000000] PM: Registered nosave memory: [mem 0x000f0000-0x000fffff]
[    0.000000] e820 [m x400000xfeffff aailablfoPCI evces
[    0.000000] Booting paravirtualized kernel on KVM
[    0.000000] clocksource: refined-jiffies: mask: 0xffffffff max_cycles: 0xffffffff, max_idle_ns: 7645519600211568 ns
[    0.000000] setup_percpu: NR_CPUS:512 nr_cpumask_bits:512 nr_cpu_ids:2 nr_node_ids:1
[    0.000000] PERCPU: Embedded 34 pages/cpu @ffff88003fc00000 s99544 r8192 d31528 u104856
[    00000]V pinlckas tabe tres: 6 rdr: 0 46 bytes)
[    0.000000] Built 1 zonelists in Node order, mobility groupng o. Toalpages: 257913
[    0.000000] Policy zone: DMA32
[    0.000000] Kernel command line: BOOT_IMAGE=/boot/vmlinuz-4.4.0-112-generic root=LABEL=cloudimg-rootfs ro console=tty1 console=ttyS0
[    0.000000] PID hash table entries: 4096 (order: 3, 32768 bytes)
[    0.000000] Memory: 1001740K/1048120K available (8499K kernel code, 1309K rwdata, 3988K rodata, 1508K init, 1316K bss, 46380K reserved, 0K cma-reserved)
[    0.000000] SLUB: HWalign=64, Order=0-3, MinObjects=0, CPUs=2, Nodes=1
[    0.000000] Kernel/User page tables isolation: enabled
[    0.000000] Hierarchical RCU implementation.
[    0.000000] 	Build-time adjustment of leaf fanout to 64.
[    0.000000] 	RCU restricting CPUs from NR_CPUS=512 to nr_cpu_ids=2.
[    0.000000] RCU: Adjusting geometry for rcu_fanout_leaf=64, nr_cpu_ids=2
[    0.000000] NR_IRQS:33024 nr_irqs:4 1
[    .000] Coso: olourVG+ 80x25
[    0.000000] console [tty1] enabled
[    0.000000] console [ttyS0] enabled
[    0.000000] tsc: Detected 3092.834 MHz processor
[    2.507564] Calibrating delay loop (skipped) preset value.. 6185.66 BogoMIPS (lpj=12371336)
[    2.509026] pid_max: default: 32768 minimum: 301
[    2.509805] ACPI: Core revision 20150930
[    2.511395] ACPI: 2 ACPI AML tables sccssfully acquired and loaded
[    2.548239] Security Framework initialized
[    2.569610] Yama: becoming mindful.
[    2.647486] AppArmor: AppArmor initialized
[    2.683972] Dentry cache hash table entries: 131072 (order: 8, 1048576 bytes)
[    2.757098] Inode-cache hash table entries: 65536 (order: 7, 524288 bytes)
[    2.875913] Mount-cache hash table entries: 2048 (order: 2, 16384 bytes)
[    2.876966] Mountpoint-cache hash table entries: 2048 (order: 2, 16384 bytes)
[    2.878175] Initializing cgroup subsys io
[    2.878911] Initializing cgroup subsys memory
[    2.879667] Initializing cgroup subsys devices
[    2.880426] Initializing cgroup subsys freezer
[    2.883526] Initializing cgroup subsys net_cls
[    2.884298] Initializing cgroup subsys perf_event
[    2.885089] Initializing cgroup subsys net_prio
[    2.885856] Initializing cgroup subsys hugetlb
[    2.886638] Initializing cgroup subsys pids
[    2.887435] CPU: Physical Processor ID: 0
[    2.936871] CPU: Processor Core ID: 0
[    2.951809] FEATURE SPEC_CTRL Not Present
[    2.964254] mce: CPU supports 0 MCE banks
[    2.964985] Last level iTLB entries: 4KB 1024, 2MB 1024, 4MB 1024
[    2.965937] Last level dTLB entries: 4KB 1024, 2MB 1024, 4MB 1024, 1GB 4
[    2.968825] Freeing SMP alternatives memory: 32K
[    2.977131] ftrace: allocating 32180 entries in 126 pages
[    3.026755] smpboot: APIC(0) Converting physical 0 to logical package 0
[    3.120115] smpboot: Max logical packages: 1
[    3.179573] x2apic enabled
[    3.252804] Switched APIC routing to physical x2apic.
[    3.286984] ..TIMER: vector=0x30 apic1=0 pin1=2 apic2=-1 pin2=-1
[    3.410722] smpboot: CPU0: Intel(R) Xeon(R) CPU E5-1607 v3 @ 3.10GHz (family: 0x6, model: 0x3f, stepping: 0x2)
[    3.464011] Performance Events: unsupported p6 CPU model 63 no PMU driver, software events only.
[    3.465606] KVM setup paravirtual spinlock
[    3.466980] x86: Booting SMP configuration:
[    3.467733] .... node  #0, CPUs:      #1
[    3.476922] kvm-clock: cpu 1, msr 0:3ffe3041, secondary cpu clock
[    3.485380] mce: CPU supports 0 MCE banks
[    3.530246] x86: Booted up 1 node, 2 CPUs
[    3.544445] smpboot: Total of 2 processors activated (12371.33 BogoMIPS)
[    3.545813] devtmpfs: initialized
[    3.548557] evm: security.selinux
[    3.549183] evm: security.SMACK64
[    3.549806] evm: security.SMACK64EXEC
[    3.550479] evm: security.SMACK64TRANSMUTE
[    3.551207] evm: security.SMACK64MMAP
[    3.551877] evm: security.ima
[    3.552457] evm: security.capability
[    3.571787] clocksource: jiffies: mask: 0xffffffff max_cycles: 0xffffffff, max_idle_ns: 7645041785100000 ns
[    3.641072] futex hash table entries: 512 (order: 3, 32768 bytes)
[    3.679473] pinctrl core: initialized pinctrl subsystem
[    3.680435] RTC time: 18:40:07, date: 02/04/18
[    3.742406] NET: Registered protocol family 16
[    3.829390] cpuidle: using governor ladder
[    3.863860] cpuidle: using governor menu
[    3.885976] PCCT header not found.
[    3.904244] ACPI: bus type PCI registered
[    3.938475] acpiphp: ACPI Hot Plug PCI Controller Driver version: 0.5
[    3.954795] PCI: Using configuration type 1 for base access
[    4.056161] ACPI: Added _OSI(Module Device)
[    4.058146] ACPI: Added _OSI(Processor Device)
[    4.058923] ACPI: Added _OSI(3.0 _SCP Extensions)
[    4.059709] ACPI: Added _OSI(Processor Aggregator Device)
[    4.062864] ACPI: Executed 1 blocks of module-level executable AML code
[    4.071011] ACPI: Interpreter enabled
[    4.101963] ACPI: (supports S0 S5)
[    4.102613] ACPI: Using IOAPIC for interrupt routing
[    4.103572] PCI: Using host bridge windows from ACPI; if necessary, use "pci=nocrs" and report a bug
[    4.108305] ACPI: PCI Root Bridge [PCI0] (domain 0000 [bus 00-ff])
[    4.109272] acpi PNP0A03:00: _OSC: OS supports [ASPM ClockPM Segments MSI]
[    4.110334] acpi PNP0A03:00: _OSC: not requesting OS control; OS requires [ExtendedConfig ASPM ClockPM MSI]
[    4.111927] acpi PNP0A03:00: fail to add MMCONFIG information, can't access extended PCI configuration space under this bridge.
[    4.113955] PCI host bridge to bus 0000:00
[    4.114671] pci_bus 0000:00: root bus resource [io  0x0000-0x0cf7 window]
[    4.115748] pci_bus 0000:00: root bus resource [io  0x0d00-0xffff window]
[    4.118734] pci_bus 0000:00: root bus resource [mem 0x000a0000-0x000bffff window]
[    4.120035] pci_bus 0000:00: root bus resource [mem 0x40000000-0xfdffffff window]
[    4.121323] pci_bus 0000:00: root bus resource [bus 00-ff]
[    4.123764] pci 0000:00:01.1: legacy IDE quirk: reg 0x10: [io  0x01f0-0x01f7]
[    4.124849] pci 0000:00:01.1: legacy IDE quirk: reg 0x14: [io  0x03f6]
[    4.125861] pci 0000:00:01.1: legacy IDE quirk: reg 0x18: [io  0x0170-0x0177]
[    4.126968] pci 0000:00:01.1: legacy IDE quirk: reg 0x1c: [io  0x0376]
[    4.139444] pci 0000:00:07.0: quirk: [io  0x4000-0x403f] claimed by PIIX4 ACPI
[    4.200516] pci 0000:00:07.0: quirk: [io  0x4100-0x410f] claimed by PIIX4 SMB
[    4.239519] ACPI: PCI Interrupt Link [LNKA] (IRQs 5 9 10 *11)
[    4.274784] ACPI: PCI Interrupt Link [LNKB] (IRQs 5 9 *10 11)
[    4.350530] ACPI: PCI Interrupt Link [LNKC] (IRQs 5 *9 10 11)
[    4.377380] ACPI: PCI Interrupt Link [LNKD] (IRQs 5 9 10 *11)
[    4.384932] ACPI: Enabled 2 GPEs in block 00 to 07
[    4.392822] vgaarb: setting as boot device: PCI:0000:00:02.0
[    4.445148] vgaarb: device added: PCI:0000:00:02.0,decodes=io+mem,owns=io+mem,locks=none
[    4.446534] vgaarb: loaded
[    4.447081] vgaarb: bridge control possible 0000:00:02.0
[    4.448136] SCSI subsystem initialized
[    4.460653] ACPI: bus type USB registered
[    4.557353] usbcore: registered new interface driver usbfs
[    4.610384] usbcore: registered new interface driver hub
[    4.611295] usbcore: registered new device driver usb
[    4.613878] PCI: Using ACPI for IRQ routing
[    4.638028] NetLabel: Initializing
[    4.690275] NetLabel:  domain hash size = 128
[    4.705310] NetLabel:  protocols = UNLABELED CIPSOv4
[    4.707387] NetLabel:  unlabeled traffic allowed by default
[    4.708420] amd_nb: Cannot enumerate AMD northbridges
[    4.765810] clocksource: Switched to clocksource kvm-clock
[   .881] AppArmor: AppArmor Filesystem Enabled
[    4.939034] pnp: PnP ACPI init
[    4.940370] pnp: PnP ACPI: found 3 devices
[  49474clksrc apipm mk:0xffffaxcyle 0fff,maid_n 25701024 ns
[   .80512] NET: Registered protocol family 2

[    5.885537] TCP established hash abe enris:81 (rd:  653byes)

[    6.236398] TCPbid as tblenri: 192(ode 5 107bys)[    6.761946] TCP: Hash tableconfigured (establishe8192 bind 8192)
[    6.882021] UDP hash table entries: 512 (order: 2, 16384 bytes)
[    6.883252] UDP-Lite hash table entries: 512 (order: 2, 16384 bytes)
[    6.885766] NET: Registeed proocol family 1
[   6.99675] pi 000:00:00.0: Limiting direct PI/I aner
[    7.210644] pci 0000:00:01.0: Activating ISA DMA hang workarounds
[   2178] npacking initramfs...

[    9.091847] Freeing initrd memory: 10792K
[    9.1045 RPLMUdect, API nit is 2^-32 Joules, 3 fixed conts 0774820 s vftimer[  9222]w ni o domai pp0co 20 oues
[   10.135811] hw unit of domain package 2^-0 Joules
[   10.136686] hw unit of domain dram 2^-16 Joules
[ 10693]pltfrmrtcm: egstedlaor RTC evice (no PN device found)
[  107064] Scani fr w memoy rrtin er60ecnd
[ 11620]scReneTSclksure alibation 32.3 z
[   11.906680] clocksource: tsc: mask: 0xffffffffffffffff max_cycles: 0x2c93f2bc32c, max_idle_ns: 440795262990 ns
[   11.906993] audit: initializing netlink subsys (disabled)
[   11.907005] audit: type=2000 audit(1517769616.637:1): initialized
[   11.907244] Initialise system trusted keyring
[   11.907322] HugeTLB registered 2 MB page size, pre-allocated 0 pages
[   11.908462] zbud: loaded
[   11.908605] VFS: Disk quotas dquot_6.6.0
[   11.908628] VFS: Dquot-cache hash table entries: 512 (order 0, 4096 bytes)
[   11.908844] squashfs: version 4.0 (2009/01/31) Phillip Lougher
[   11.909016] fuse init (API version 7.23)
[   11.909110] Key type big_key registered
[   11.909130] Allocating IMA MOK and blacklist keyrings.
[   11.909277] Key type asymmetric registered
[   11.909278] Asymmetric key parser 'x509' registered
[   11.909304] Block layer SCSI generic (bsg) driver version 0.4 loaded (major 249)
[   11.909318] io scheduler noop registered
[   11.909319] io scheduler deadline registered (default)
[   11.909341] io scheduler cfq registered
[   11.909407] pci_hotplug: PCI Hot Plug PCI Core version: 0.5
[   11.909412] pciehp: PCI Express Hot Plug Controller Driver version: 0.4
[   11.909525] ACPI: AC Adapter [AC] (on-line)
[   11.909568] input: Power Button as /devices/LNXSYSTM:00/LNXPWRBN:00/input/input0
[   11.909570] ACPI: Power Button [PWRF]
[   11.909629] input: Sleep Button as /devices/LNXSYSTM:00/LNXSLPBN:00/input/input1
[   11.909630] ACPI: Sleep Button [SLPF]
[   11.909743] GHES: HEST is not enabled!
[   11.909808] Serial: 8250/16550 driver, 32 ports, IRQ sharing enabled
[   11.933149] 00:02: ttyS0 at I/O 0x3f8 (irq = 4, base_baud = 115200) is a 16550A
[   11.934783] Linux agpgart interface v0.103
[   11.945659] loop: module loaded
[   11.946124] scsi host0: ata_piix
[   11.946172] scsi host1: ata_piix
[   11.946198] ata1: PATA max UDMA/33 cmd 0x1f0 ctl 0x3f6 bmdma 0xd000 irq 14
[   11.946199] ata2: PATA max UDMA/33 cmd 0x170 ctl 0x376 bmdma 0xd008 irq 15
[   11.946255] libphy: Fixed MDIO Bus: probed
[   11.946256] tun: Universal TUN/TAP device driver, 1.6
[   11.946257] tun: (C) 1999-2004 Max Krasnyansky <maxk@qualcomm.com>
[   11.946523] PPP generic driver version 2.4.2
[   11.946565] ehci_hcd: USB 2.0 'Enhanced' Host Controller (EHCI) Driver
[   11.946567] ehci-pci: EHCI PCI platform driver
[   11.946573] ehci-platform: EHCI generic platform driver
[   11.946578] ohci_hcd: USB 1.1 'Open' Host Controller (OHCI) Driver
[   11.946580] ohci-pci: OHCI PCI platform driver
[   11.946586] ohci-platform: OHCI generic platform driver
[   11.946591] uhci_hcd: USB Universal Host Controller Interface driver
[   11.946631] i8042: PNP: PS/2 Controller [PNP0303:PS2K,PNP0f03:PS2M] at 0x60,0x64 irq 1,12
[   11.979140] serio: i8042 KBD port at 0x60,0x64 irq 1
[   11.979144] serio: i8042 AUX port at 0x60,0x64 irq 12
[   11.979236] mousedev: PS/2 mouse device common for all mice
[   11.979495] rtc_cmos rtc_cmos: rtc core: registered rtc_cmos as rtc0
[   11.979558] rtc_cmos rtc_cmos: alarms up to one day, 114 bytes nvram
[   11.979564] i2c /dev entries driver
[   11.979622] device-mapper: uevent: version 1.0.3
[   11.979681] device-mapper: ioctl: 4.34.0-ioctl (2015-10-28) initialised: dm-devel@redhat.com
[   11.979697] ledtrig-cpu: registered to indicate activity on CPUs
[   11.979914] NET: Registered protocol family 10
[   11.980045] NET: Registered protocol family 17
[   11.980054] Key type dns_resolver registered
[   11.980294] microcode: CPU0 sig=0x306f2, pf=0x40, revision=0x0
[   11.980300] microcode: CPU1 sig=0x306f2, pf=0x40, revision=0x0
[   11.980349] microcode: Microcode Update Driver: v2.01 <tigran@aivazian.fsnet.co.uk>, Peter Oruba
[   11.980440] registered taskstats version 1
[   11.980451] Loading compiled-in X.509 certificates
[   11.981084] Loaded X.509 cert 'Build time autogenerated kernel key: 4c603087bab8f0a02cb3b4e1fb4c40f507e71ef1'
[   11.981100] zswap: loaded using pool lzo/zbud
[   11.982940] Key type trusted registered
[   11.984678] input: AT Translated Set 2 keyboard as /devices/platform/i8042/serio0/input/input2
[   11.985636] Key type encrypted registered
[   11.985640] AppArmor: AppArmor sha1 policy hashing enabled
[   11.985644] ima: No TPM chip found, activating TPM-bypass!
[   11.985659] evm: HMAC attrs: 0x1
[   11.985910]   Magic number: 6:317:695
[   11.985929] pci 0000:00:00.0: hash matches
[   12.029544] rtc_cmos rtc_cmos: setting system clock to 2018-02-04 18:40:16 UTC (1517769616)
[   12.029621] BIOS EDD facility v0.16 2004-Jun-25, 0 devices found
[   12.029621] EDD information not available.
[   12.289496] Freeing unused kernel memory: 1508K
[   12.321670] Write protecting the kernel read-only data: 14336k
[   12.340086] Freeing unused kernel memory: 1728K
[   12.360207] Freeing unused kernel memory: 108K
Loading, please wait...
starting version[   12.381576] random: systemd-udevd: uninitialized urandom read (16 bytes read, 2 bits of entropy available)
 229
[   12.382257] random: udevadm: uninitialized urandom read (16 bytes read, 2 bits of entropy available)
[   12.382278] random: udevadm: uninitialized urandom read (16 bytes read, 2 bits of entropy available)
[   12.392736] random: udevadm: uninitialized urandom read (16 bytes read, 2 bits of entropy available)
[   12.392779] random: udevadm: uninitialized urandom read (16 bytes read, 2 bits of entropy available)
[   12.392926] random: udevadm: uninitialized urandom read (16 bytes read, 2 bits of entropy available)
[   12.392981] random: udevadm: uninitialized urandom read (16 bytes read, 2 bits of entropy available)
[   12.393036] random: udevadm: uninitialized urandom read (16 bytes read, 2 bits of entropy available)
[   12.393091] random: udevadm: uninitialized urandom read (16 bytes read, 2 bits of entropy available)
[   12.393143] random: udevadm: uninitialized urandom read (16 bytes read, 2 bits of entropy available)
[   13.120074] e1000: Intel(R) PRO/1000 Network Driver - version 7.3.21-k8-NAPI
[   13.181498] e1000: Copyright (c) 1999-2006 Intel Corporation.
[   13.184035] Fusion MPT base driver 3.04.20
[   13.184772] Copyright (c) 1999-2008 LSI Corporation
[   13.189841] Fusion MPT SPI Host driver 3.04.20
[   13.221189] AVX2 version of gcm_enc/dec engaged.
[   13.240447] AES CTR mode by8 optimization enabled
[   13.408664] input: ImExPS/2 Generic Explorer Mouse as /devices/platform/i8042/serio1/input/input4
[   13.549906] e1000 0000:00:03.0 eth0: (PCI:33MHz:32-bit) 02:1f:2a:60:99:e3
[   13.557862] e1000 0000:00:03.0 eth0: Intel(R) PRO/1000 Network Connection
[   13.674298] mptbase: ioc0: Initiating bringup
[   13.674585] e1000 0000:00:03.0 enp0s3: renamed from eth0
[   13.810692] ioc0: LSI53C1030 A0: Capabilities={Initiator}
[   14.016184] scsi host2: ioc0: LSI53C1030 A0, FwRev=00000000h, Ports=1, MaxQ=256, IRQ=20
[   14.314942] scsi 2:0:0:0: Direct-Access     VBOX     HARDDISK         1.0  PQ: 0 ANSI: 5
[   14.375765] scsi target2:0:0: Beginning Domain Validation
[   14.450708] scsi target2:0:0: Domain Validation skipping write tests
[   14.467503] scsi target2:0:0: Ending Domain Validation
[   14.484570] scsi target2:0:0: asynchronous
[   14.495672] scsi 2:0:1:0: Direct-Access     VBOX     HARDDISK         1.0  PQ: 0 ANSI: 5
[   14.504212] scsi target2:0:1: Beginning Domain Validation
[   14.506119] scsi target2:0:1: Domain Validation skipping write tests
[   14.507122] scsi target2:0:1: Ending Domain Validation
[   14.508027] scsi target2:0:1: asynchronous
[   14.515238] sd 2:0:0:0: Attached scsi generic sg0 type 0
[   14.520485] sd 2:0:0:0: [sda] 20971520 512-byte logical blocks: (10.7 GB/10.0 GiB)
[   14.530509] sd 2:0:1:0: Attached scsi generic sg1 type 0
[   14.530807] sd 2:0:0:0: [sda] Write Protect is off
[   14.530872] sd 2:0:0:0: [sda] Incomplete mode parameter data
[   14.530873] sd 2:0:0:0: [sda] Assuming drive cache: write through
[   14.555736] sd 2:0:1:0: [sdb] 20480 512-byte logical blocks: (10.5 MB/10.0 MiB)
[   14.555897] sd 2:0:1:0: [sdb] Write Protect is off
[   14.555959] sd 2:0:1:0: [sdb] Incomplete mode parameter data
[   14.555960] sd 2:0:1:0: [sdb] Assuming drive cache: write through
[   14.557821]  sda: sda1
[   14.558643] sd 2:0:0:0: [sda] Attached SCSI disk
[   14.558730] sd 2:0:1:0: [sdb] Attached SCSI disk
[   16.195456] floppy0: no floppy controllers found
Begin: Loading e[   18.320108] md: linear personality registered for level -1
ssential drivers[   18.376235] md: multipath personality registered for level -4
 ... [   18.405510] md: raid0 personality registered for level 0
[   18.428401] md: raid1 personality registered for level 1
[   18.594301] raid6: sse2x1   gen()  9126 MB/s
[   18.722352] raid6: sse2x1   xor()  7524 MB/s
[   18.818667] raid6: sse2x2   gen() 12236 MB/s
[   18.961906] raid6: sse2x2   xor()  8143 MB/s
[   19.113910] raid6: sse2x4   gen() 13990 MB/s
[   19.238059] raid6: sse2x4   xor()  9848 MB/s
[   19.309936] raid6: avx2x1   gen() 18775 MB/s
[   19.382265] raid6: avx2x2   gen() 21946 MB/s
[   19.454118] raid6: avx2x4   gen() 25276 MB/s
[   19.534733] raid6: using algorithm avx2x4 gen() 25276 MB/s
[   19.551729] raid6: using avx2x2 recovery algorithm
[   19.567664] xor: automatically using best checksumming function:
[   19.721961]    avx       : 18648.000 MB/sec
[   19.723815] async_tx: api initialized (async)
[   19.731177] md: raid6 personality registered for level 6
[   19.734770] md: raid5 personality registered for level 5
[   19.735637] md: raid4 personality registered for level 4
[   19.741468] md: raid10 personality registered for level 10
done.
Begin: Running /scripts/init-premount ... done.
Begin: Mounting root file system ... Begin: Running /scripts/local-top ... done.
Begin: Running /scripts/local-premount ... [   19.768922] Btrfs loaded
Scanning for Btrfs filesystems
done.
Warning: fsck not present, so skipping root file system
[   19.834588] EXT4-fs (sda1): mounted filesystem with ordered data mode. Opts: (null)
done.
Begin: Running /scripts/local-bottom ... done.
Begin: Running /scripts/init-bottom ... done.
[   19.925898] systemd[1]: systemd 229 running in system mode. (+PAM +AUDIT +SELINUX +IMA +APPARMOR +SMACK +SYSVINIT +UTMP +LIBCRYPTSETUP +GCRYPT +GNUTLS +ACL +XZ -LZ4 +SECCOMP +BLKID +ELFUTILS +KMOD -IDN)
[   19.941325] systemd[1]: Detected virtualization oracle.
[   19.962680] systemd[1]: Detected architecture x86-64.

Welcome to [1mUbuntu 16.04.3 LTS[0m!

[   20.024625] systemd[1]: Set hostname to <ubuntu>.
[   20.071919] systemd[1]: Initializing machine ID from random generator.
[   20.134763] systemd[1]: Installed transient /etc/machine-id file.
[ 203272syemd[1]: Litengn evonol Sck.
[[0;32m  OK  [0m] Listening on udev Control Socket.
[   20.858187] systemd[1]: Reached target User and Group Name Lookups.
[[0;32m  OK  [0m] Reached target User and Group Name Lookups.
[ 208606] systemd[1]: Create sicSyemlice.
[[0;32m  OK  [0m] Created slice System Slice.
[   .1759] systemd[1]: Listening on udev Kernel Socket.
[[0;32m  OK  [0m] Listening on udev Kernel Socket.
[   21.286163] systemd[1]: Reached target Encrypted Volumes.
[[0;32m  OK  [0m] Reached target Encrypted Volumes.
[   1.07206 sstmd]:isni o/d/itc CpabityName Pe.

[[0;32m  OK  [0m] Listening on /dev/initctl Compatibility Named Pipe.
[   2.92] ysttemd[1]: Listening on Journal Socket (/dev/log).
[[0;32m  OK  [0m] Listening on Journal Socket (/dev/log).
[   22.162691] systemd[1]: Reached target Swap.
[[0;32m  OK  [0m] Reached target Swap.
[   22.164732] systemd[1]: Created slice User and Session Slice.
[[0;32m  OK  [0m] Created slice User and Session Slice.
[   22.166881] systemd[1]: Started Trigger resolvconf update for networkd DNS.
[[0;32m  OK  [0m] Started Trigger resolvconf update for networkd DNS.
[   22.169264] systemd[1]: Listening on LVM2 metadata daemon socket.
[[0;32m  OK  [0m] Listening on LVM2 metadata daemon socket.
[   22.171429] systemd[1]: Reached target Slices.
[[0;32m  OK  [0m] Reached target Slices.
[   22.173280] systemd[1]: Listening on Journal Audit Socket.
[[0;32m  OK  [0m] Listening on Journal Audit Socket.
[   22.175366] systemd[1]: Listening on Journal Socket.
[[0;32m  OK  [0m] Listening on Journal Socket.
[   22.190408] systemd[1]: Mounting Debug File System...
         Mounting Debug File System...
[   22.239221] systemd[1]: Starting Nameserver information manager...
         Starting Nameserver information manager...
[   22.382245] systemd[1]: Starting Remount Root and Kernel File Systems...
         Starting Remount Root and Kernel File Systems...
[   22.406895] EXT4-fs (sda1): re-mounted. Opts: (null)
[   22.407059] systemd[1]: Mounting POSIX Message Queue File System...
         Mounting POSIX Message Queue File System...
[   22.662364] systemd[1]: Listening on LVM2 poll daemon socket.
[[0;32m  OK  [0m] Listening on LVM2 poll daemon socket.
[   22.686820] systemd[1]: Starting Load Kernel Modules...
         Starting Load Ke[   22.708768] Loading iSCSI transport class v2.0-870.
rnel Modules...
[   22.756077] systemd[1]: Listening on Syslog Socket.
[[0;32m  OK  [0m] Listening on Syslog Socket.
[   22.871163] iscsi: registered transport (tcp)
[   22.871857] systemd[1]: Starting Set console keymap...
[   22.886262] random: nonblocking pool is initialized
         Starting Set console keymap...
[   22.989375] systemd[1]: Started Forward Password Requests to Wall Directory Watch.
[[0;32m  OK  [0m] Started Forward Password Requests to Wall Directory Watch.
[   23.018921] systemd[1]: Created slice system-serial\x2dgetty.slice.
[[0;32m  OK  [0m] Created slice system-serial\x2dgetty.slice.
[   23.066358] systemd[1]: Listening on Device-mapper event daemon FIFOs.
[[0;32m  OK  [0[   23.124301] iscsi: registered transport (iser)
m] Listening on Device-mapper event daemon FIFOs.
[   23.167714] systemd[1]: Starting Monitoring of LVM2 mirrors, snapshots etc. using dmeventd or progress polling...
         Starting Monitoring of LVM2 mirrors... dmeventd or progress polling...
[   23.216961] systemd[1]: Mounting Huge Pages File System...
         Mounting Huge Pages File System...
[   23.258015] systemd[1]: Starting Uncomplicated firewall...
         Starting Uncomplicated firewall...
[   23.325351] systemd[1]: Starting Create list of required static device nodes for the current kernel...
         Starting Create list of required st... nodes for the current kernel...
[   23.448078] systemd[1]: Starting Journal Service...
         Starting Journal Service...
[   23.498881] systemd[1]: Set up automount Arbitrary Executable File Formats File System Automount Point.
[[0;32m  OK  [0m] Set up automount Arbitrary Executab...ats File System Automount Point.
[   23.595902] systemd[1]: Mounted Huge Pages File System.
[[0;32m  OK  [0m] Mounted Huge Pages File System.
[   23.718983] systemd[1]: Mounted Debug File System.
[[0;32m  OK  [0m] Mounted Debug File System.
[   23.722051] systemd[1]: Mounted POSIX Message Queue File System.
[[0;32m  OK  [0m] Mounted POSIX Message Queue File System.
[   23.724262] systemd[1]: Started Journal Service.
[[0;32m  OK  [0m] Started Journal Service.
[[0;32m  OK  [0m] Started Remount Root and Kernel File Systems.
[[0;32m  OK  [0m] Started Load Kernel Modules.
[[0;32m  OK  [0m] Started Set console keymap.
[[0;32m  OK  [0m] Started Uncomplicated firewall.
[[0;32m  OK  [0m] Started Create list of required sta...ce nodes for the current kernel.
[[0;32m  OK  [0m] Started Nameserver information manager.
[[0;32m  OK  [0m] Started LVM2 metadata daemon.
         Starting Create Static Device Nodes in /dev...
         Starting Apply Kernel Variables...
         Mounting FUSE Control File System...
         Starting Initial cloud-init job (pre-networking)...
         Starting Load/Save Random Seed...
         Starting udev Coldplug all Devices...
         Starting Flush Journal to Persistent Storage...
[[0;32m  OK  [0m] Mounted FUSE Control File System.
[[0;32m  OK  [0m] Started Create Static Device Nodes in /dev.
[[0;32m  OK  [0m] Started Apply Kernel Variables.
[[0;32m  OK  [0m] Started Load/Save Random Seed.
[[0;32m  OK  [0m] Started udev Coldplug all Devices.
[[0;32m  OK  [0m] Started Flush Journal to Persistent Storage.
         Starting udev Kernel Device Manager...
[[0;32m  OK  [0m] Started udev Kernel Device Manager.
[[0;32m  OK  [0m] Started Dispatch Password Requests to Console Directory Watch.
[[0;32m  OK  [0m] Started Monitoring of LVM2 mirrors,...ng dmeventd or progress polling.
[[0;32m  OK  [0m] Reached target Local File Systems (Pre).
[[0;32m  OK  [0m] Reached target Local File Systems.
         Starting Commit a transient machine-id on disk...
         Starting Set console font and keymap...
         Starting LSB: AppArmor initialization...
         Starting Create Volatile Files and Directories...
         Starting Tell Plymouth To Write Out Runtime Data...
[[0;32m  OK  [0m] Started Commit a transient machine-id on disk.
[[0;32m  OK  [0m] Started Create Volatile Files and Directories.
[[0;32m  OK  [0m] Started Tell Plymouth To Write Out Runtime Data.
[[0;32m  OK  [0m] Found device /dev/ttyS0.
[[0;32m  OK  [0m] Reached target System Time Synchronized.
         Starting Update UTMP about System Boot/Shutdown...
[[0;32m  OK  [0m] Started Update UTMP about System Boot/Shutdown.
[[0;32m  OK  [0m] Listening on Load/Save RF Kill Switch Status /dev/rfkill Watch.
[[0;32m  OK  [0m] Started Initial cloud-init job (pre-networking).
[   20.739237] cloud-init[453]: Cloud-init v. 17.1 running 'init-local' at Sun, 04 Feb 2018 18:40:29 +0000. Up 20.28 seconds.
[[0;32m  OK  [0m] Reached target Network (Pre).
[[0;32m  OK  [0m] Started LSB: AppArmor initialization.
         Starting Raise network interfaces...
[[0;32m  OK  [0m] Started Set console font and keymap.
[[0;32m  OK  [0m] Created slice system-getty.slice.
[[0;32m  OK  [0m] Started Raise network interfaces.
[[0;32m  OK  [0m] Reached target Network.
         Starting Initial cloud-init job (metadata service crawler)...
[   23.930215] cloud-init[942]: Cloud-init v. 17.1 running 'init' at Sun, 04 Feb 2018 18:40:32 +0000. Up 23.42 seconds.
[   23.975978] [cloud-init[0;32m  OK  [0m[942]: ] ci-info: +++++++++++++++++++++++++++++++++++++Net device info++++++++++++++++++++++++++++++++++++++Started Initial cloud-init job (metadata service crawler).

[   23.976335] cloud-init[942]: ci-info: +--------+------+----------------------------+---------------+-------+-------------------+
[   24.018748] [cloud-init[0;32m  OK  [0m[942]: ] ci-info: | Device |  Up  |          Address           |      Mask     | Scope |     Hw-Address    |Reached target Cloud-config availability.

[[0;32m  OK  [0m] Reached target Network is Online.
[   24.019147] cloud-init[942]: ci-info: +--------+------+----------------------------+---------------+-------+-------------------+
[   24.099633]          cloud-initStarting iSCSI initiator daemon (iscsid)...[942]: 
ci-info: | enp0s3 | True |         10.0.2.15          | 255.255.255.0 |   .   | 02:1f:2a:60:99:e3 |
[   24.124619] [cloud-init[0;32m  OK  [0m[942]: ] ci-info: | enp0s3 | True | fe80::1f:2aff:fe60:99e3/64 |       .       |  link | 02:1f:2a:60:99:e3 |Reached target System Initialization.

[   24.125015] [cloud-init[0;32m  OK  [0m[942]: ] ci-info: |   lo   | True |         127.0.0.1          |   255.0.0.0   |   .   |         .         |Started Daily Cleanup of Temporary Directories.

[   24.203724] cloud-init[[942]: [0;32m  OK  [0mci-info: |   lo   | True |          ::1/128           |       .       |  host |         .         |] 
Listening on ACPID Listen Socket.
[[0;32m  OK  [0m] Listening on UUID daemon activation socket.
[   24.204127] cloud-init[942]: ci-info: +--------+------+----------------------------+---------------+-------+-------------------+
[   24.250375] [cloud-init[0;32m  OK  [0m[942]: ] ci-info: +++++++++++++++++++++++++++Route IPv4 info++++++++++++++++++++++++++++Started ACPI Events Check.

[[0;32m  OK  [0m] Reached target Paths.
[[0;32m  OK  [0m] Started Daily apt download activities.
[   24.250773] cloud-init[942]: ci-info: +-------+-------------+----------+---------------+-----------+-------+
[   24.289285] [[0;32m  OK  [0m] Started Timer to automatically refresh installed snaps.
[[0;32m  OK  [0m] Started Daily apt upgrade and clean activities.
[[0;32m  OK  [0m] Reached target Timers.
         Starting Socket activation for snappy daemon.
cloud-init[942]: ci-info: | Route | Destination | Gateway  |    Genmask    | Interface | Flags |
[   24.321583] [[0;32m  OK  [0m] Listening on D-Bus System Message Bus Socket.
cloud-init[942]: ci-info: +-------+-------------+----------+---------------+-----------+-------+
         Starting LXD - unix socket.
[   24.335935] cloud-init[942]: ci-info: |   0   |   0.0.0.0   | 10.0.2.2 |    0.0.0.0    |   enp0s3  |   UG  |
[   24.355895] [[0;32m  OK  [0m] Listening on Socket activation for snappy daemon.
[[0;32m  OK  [0m] Listening on LXD - unix socket.
cloud-init[942]: ci-info: |   1   |   10.0.2.0  | 0.0.0.0  | 255.255.255.0 |   enp0s3  |   U   |
[   24.368577] [cloud-init[0;32m  OK  [0m[942]: ] ci-info: +-------+-------------+----------+---------------+-----------+-------+Started iSCSI initiator daemon (iscsid).

[   24.368981] cloud-init[942]: Generating public/private rsa key pair.
[   24.400610] cloud-init[942]: Your identification has been saved in /etc/ssh/ssh_host_rsa_key.
[   24.409866]          cloud-initStarting Login to default iSCSI targets...[942]: 
Your public key has been saved in /etc/ssh/ssh_host_rsa_key.pub.
[   24.421017] [cloud-init[0;32m  OK  [0m[942]: ] The key fingerprint is:Reached target Sockets.

[   24.421429] [cloud-init[0;32m  OK  [0m[942]: ] SHA256:vpMLzJq+FiHWV3qzjyy9LLoDUT0Ig/JfxvgprGjvCtw root@ubuntu-xenialReached target Basic System.

[   24.461074]          cloud-initStarting Apply the settings specified in cloud-config...[942]: 
The key's randomart image is:
[   24.473068]          Starting LSB: MD monitoring daemon...
cloud-init[942]: +---[RSA 2048]----+
[   24.476933]          cloud-initStarting /etc/rc.local Compatibility...[942]: 
| .o. o           |
         Starting LSB: Record successful boot for GRUB...
[   24.480412] cloud-init[[0;32m  OK  [0m] Started D-Bus System Message Bus.
[942]: |o  .o o .        |
[   24.499343] cloud-init[942]: |.. o o +         |
[   24.501649] cloud-init[942]: |  = + * o        |
[   24.552454]          cloud-initStarting Login Service...[942]: 
| . = * oSo       |
[   24.566936]          Starting LXD - container startup/shutdown...
cloud-init[942]: |. o =oo..        |
[   24.605883] [[0;32m  OK  [0m] Started Deferred execution scheduler.
[[0;32m  OK  [0m] Started Unattended Upgrades Shutdown.
cloud-init[942]: |.o E o+o.+       |
[   24.632352]          cloud-initStarting System Logging Service...[942]: 
|o.. oooo*..      |
[[0;32m  OK  [0m] Started FUSE filesystem for LXC.
[   24.663851] cloud-init[942]: |..+=B= o=+       |
         Starting Pollinate to seed the pseudo random number generator...
[   24.683056] cloud-init[942]: +----[SHA256]-----+
[   24.690229] [[0;32m  OK  [0m] Started Regular background program processing daemon.
cloud-init[942]: Generating public/private dsa key pair.
         Starting Snappy daemon...
[   24.695884] cloud-init[942]: Your identification has been saved in /etc/ssh/ssh_host_dsa_key.
[   24.753530]          Starting Accounts Service...
cloud-init[942]: Your public key has been saved in /etc/ssh/ssh_host_dsa_key.pub.
[   24.762293] [[0;32m  OK  [0m] Started ACPI event daemon.
cloud-init[942]: The key fingerprint is:
[   24.772324] [cloud-init[0;32m  OK  [0m[942]: ] SHA256:uR7BSmmXrslFc7p0F/2XmXoHzUd8ShOT7X88Gvz+6wI root@ubuntu-xenialStarted System Logging Service.

[[0;32m  OK  [0m] Started Snappy daemon.
[   24.772744] cloud-init[942]: The key's randomart image is:
[   24.871842] [cloud-init[0;32m  OK  [0m[942]: ] +---[DSA 1024]----+Started /etc/rc.local Compatibility.

[   24.872250] cloud-init[942]: |               o |[[0;32m  OK  [0m] Started LXD - container startup/shutdown.

[   24.901093] cloud-init[942]: |              + .|
[   24.902460] cloud-init[942]: |               = |
[   24.911773] cloud-init[942]: |       o o   .o =|
[   24.945036] cloud-init[942]: |      + S . o..Bo|
[[0;32m  OK  [0m] Started LSB: MD monitoring daemon.
[   24.968629] cloud-init[942]: |     o = * E +oo@|
[   24.972294] cloud-init[942]: |      . B . o +=*|
[   24.973130] cloud-init[942]: |     . * + . o.oo|
[   24.983116] cloud-init[942]: |      + o    .=+=|
[   24.992470] cloud-init[942]: +----[SHA256]-----+
[   24.997352] cloud-init[942]: Generating public/private ecdsa key pair.
[   25.008520] cloud-init[942]: Your identification has been saved in /etc/ssh/ssh_host_ecdsa_key.
[   25.024278] cloud-init[942]: Your public key has been saved in /etc/ssh/ssh_host_ecdsa_key.pub.
[[0;32m  OK  [0m] Started Login to default iSCSI targets.
[   25.051922] cloud-init[942]: The key fingerprint is:
[   25.058701] cloud-init[942]: SHA256:NKlSAhKbiu79896gXnPCtJLiPtL5PyNUdCOGfsLzHvE root@ubuntu-xenial
[[0;32m  OK  [0m] Started LSB: Record successful boot for GRUB.
[   25.095653] cloud-init[942]: The key's randomart image is:
[   25.120517] cloud-init[942]: +---[ECDSA 256]---+
[[0;32m  OK  [0m] Started Login Service.
[   25.158093] cloud-init[942]: |o..   .          |
[   25.176555] cloud-init[942]: | + . . + +       |
[   25.178589]          Starting Authenticate and Authorize Users to Run Privileged Tasks...
[[0;32m  OK  [0m] Reached target Remote File Systems (Pre).
cloud-init[942]: |o   + + * .      |
[   25.190889] [cloud-init[0;32m  OK  [0m[942]: ] |o    B * .       |Reached target Remote File Systems.

[   25.191319] cloud-init[942]: |o   . B.S        |
[   25.205209] cloud-init[942]: |.    o+o.E       |
         Starting LSB: automatic crash report generation...
         Starting LSB: Set the CPU Frequency Scaling governor to "ondemand"...
         Starting LSB: VirtualBox Linux Additions...
         Starting LSB: daemon to balance interrupts for SMP systems...
[   25.234050] cloud-init[942]: | ...oo.B..       |
         Starting Permit User Sessions...
[[0;32m  OK  [0m] Started Permit User Sessions.
[[0;32m  OK  [0m] Started Authenticate and Authorize Users to Run Privileged Tasks.
[   25.282946] cloud-init[942]: |..o+.o++*        |
[   25.333116] cloud-init[942]: | .o+==*+o.       |
[   25.336389] cloud-init[942]: +----[SHA256]-----+
[   25.341211] cloud-init[942]: Generating public/private ed25519 key pair.
[   25.345182] cloud-init[942]: Your identification has been saved in /etc/ssh/ssh_host_ed25519_key.
[[0;32m  OK  [0m] Started Accounts Service.
[   25.360802] cloud-init[942]: Your public key has been saved in /etc/ssh/ssh_host_ed25519_key.pub.
[[0;32m  OK  [0m] Started LSB: Set the CPU Frequency Scaling governor to "ondemand".
[[0;32m  OK  [0m] Started LSB: automatic crash report generation.
[[0;32m  OK  [0m] Started LSB: VirtualBox Linux Additions.
[   25.402742] cloud-init[942]: The key fingerprint is:
[   25.441024] cloud-init[942]: SHA256:h6vySMeUTiAZga9d8uxdkxO+e5ovzpmEli9pAusmcZU root@ubuntu-xenial
[   25.443743] cloud-init[942]: The key's randomart image is:
[   25.444992] cloud-init[942]: +--[ED25519 256]--+
[   25.463168]          Starting Terminate Plymouth Boot Screen...
cloud-init[942]: | .o.             |         Starting Hold until boot process finishes up...

[[0;32m  OK  [0m] Started LSB: daemon to balance interrupts for SMP systems.
[   25.465256] cloud-init[942]: |.  o             |
[   25.475407] [cloud-init[0;32m  OK  [0m[942]: ] | .o ..           |Started Hold until boot process finishes up.

[   25.488525] cloud-init[942]: |  o.E. ...       |
[   25.500329] cloud-init[942]: | o *  +.So.      |
[[0;32m  OK  [0m] Started Terminate Plymouth Boot Screen.
[   25.519328] cloud-init[942]: |o + o= o*o       |
[   25.524295] cloud-init[942]: | o +..Boo+       |
[   25.524391] cloud-init[942]: |. o.++==o+.      |
[   25.524505] cloud-init[942]: | +. .=ooX*.      |
[   25.524593] cloud-init[942]: +----[SHA256]-----+
[[0;32m  OK  [0m] Started Pollinate to seed the pseudo random number generator.
[   25.526999] cloud-init[1044]: Generating locales (this might take a while)...
         Starting OpenBSD Secure Shell server...
[[0;32m  OK  [0m] Started Getty on tty1.
[[0;32m  OK  [0m] Started Serial Getty on ttyS0.
[[0;32m  OK  [0m] Reached target Login Prompts.
         Starting Set console scheme...
[[0;32m  OK  [0m] Started OpenBSD Secure Shell server.
[[0;32m  OK  [0m] Started Set console scheme.
[[0;32m  OK  [0m] Reached target Multi-User System.
[[0;32m  OK  [0m] Reached target Graphical Interface.
         Starting Update UTMP about System Runlevel Changes...
[[0;32m  OK  [0m] Started Update UTMP about System Runlevel Changes.
[   25.737950] cloud-init[1044]:   en_US.UTF-8... done
[   25.745916] cloud-init[1044]: Generation complete.
[   26.008970] cloud-init[1044]: Cloud-init v. 17.1 running 'modules:config' at Sun, 04 Feb 2018 18:40:33 +0000. Up 24.72 seconds.
[[0;32m  OK  [0m] Started Apply the settings specified in cloud-config.
         Starting Execute cloud user/final scripts...
ci-info: no authorized ssh keys fingerprints found for user ubuntu.
<14>Feb  4 18:40:35 ec2: 
<14>Feb  4 18:40:35 ec2: #############################################################
<14>Feb  4 18:40:35 ec2: -----BEGIN SSH HOST KEY FINGERPRINTS-----
<14>Feb  4 18:40:35 ec2: 1024 SHA256:uR7BSmmXrslFc7p0F/2XmXoHzUd8ShOT7X88Gvz+6wI root@ubuntu-xenial (DSA)
<14>Feb  4 18:40:35 ec2: 256 SHA256:NKlSAhKbiu79896gXnPCtJLiPtL5PyNUdCOGfsLzHvE root@ubuntu-xenial (ECDSA)
<14>Feb  4 18:40:35 ec2: 256 SHA256:h6vySMeUTiAZga9d8uxdkxO+e5ovzpmEli9pAusmcZU root@ubuntu-xenial (ED25519)
<14>Feb  4 18:40:35 ec2: 2048 SHA256:vpMLzJq+FiHWV3qzjyy9LLoDUT0Ig/JfxvgprGjvCtw root@ubuntu-xenial (RSA)
<14>Feb  4 18:40:35 ec2: -----END SSH HOST KEY FINGERPRINTS-----
<14>Feb  4 18:40:35 ec2: #############################################################
-----BEGIN SSH HOST KEY KEYS-----
ecdsa-sha2-nistp256 AAAAE2VjZHNhLXNoYTItbmlzdHAyNTYAAAAIbmlzdHAyNTYAAABBBAf/I0C5+o53m63OoUfmL0qSZ5TD0S+hSsnzR4KKdLNDp3WqD0vWGmgRPUlnsqfogvS6FU+rxoRkhEjhbn9cW0o= root@ubuntu-xenial
ssh-ed25519 AAAAC3NzaC1lZDI1NTE5AAAAIPQtC7yXqh5ohpNoAcGSesi/v+rjpCi3FYf+ajKSeUbb root@ubuntu-xenial
ssh-rsa AAAAB3NzaC1yc2EAAAADAQABAAABAQDCzJq+7rej23CwBpNy0ED+oz+oLmMsEJW2MbKyEJZqFhCVgsn0eWaC4F2YT/q78N82V9L2n9tGv/6vqYVZm/gA4D4Eu6mMr+oZF7e9uDriaDKvoDtEX6QsBP6l5XmKPdxoIxCI7Xijac0UMqSC9farl7meUf+gVVNK+OX9BxvPBVtokpvObpTXKBrky5e3/XuJamndkgN9B/KwkTA1b/kgTpjHvPW04G4yE4Xe1nsFA7fo/njQ6io9OIN8nnR9G9Jajh5un3V0PVZtJWuWRd17tM1CanI50ws/kaWiFbGyjVon3g7fv58bj0sCrkSBONYbAk0rTMFRH0HilbclKou7 root@ubuntu-xenial
-----END SSH HOST KEY KEYS-----
[   26.618229] cloud-init[1298]: Cloud-init v. 17.1 running 'modules:final' at Sun, 04 Feb 2018 18:40:35 +0000. Up 26.34 seconds.
[   26.629597] cloud-init[1298]: ci-info: no authorized ssh keys fingerprints found for user ubuntu.
[   26.672703] cloud-init[1298]: Cloud-init v. 17.1 finished at Sun, 04 Feb 2018 18:40:35 +0000. Datasource DataSourceNoCloud [seed=/dev/sdb][dsmode=net].  Up 26.61 seconds
[[0;32m  OK  [0m] Started Execute cloud user/final scripts.
[[0;32m  OK  [0m] Reached target Cloud-init target.

Ubuntu 16.04.3 LTS ubuntu-xenial ttyS0

ubuntu-xenial login: 